<?xml version="1.0" encoding="UTF-8" ?>
<testsuite tests="19" failures="1" name="jp.array.ArrayTest" time="0.011" errors="0" skipped="0">
  <properties>
    <property name="java.runtime.name" value="Java(TM) SE Runtime Environment"/>
    <property name="java.vm.version" value="20.0.1+9-29"/>
    <property name="sun.boot.library.path" value="C:\Program Files\Java\jdk-20\bin"/>
    <property name="maven.multiModuleProjectDirectory" value="E:\Collection_2_5M"/>
    <property name="java.vm.vendor" value="Oracle Corporation"/>
    <property name="java.vendor.url" value="https://java.oracle.com/"/>
    <property name="guice.disable.misplaced.annotation.check" value="true"/>
    <property name="path.separator" value=";"/>
    <property name="java.vm.name" value="Java HotSpot(TM) 64-Bit Server VM"/>
    <property name="sun.os.patch.level" value=""/>
    <property name="user.script" value=""/>
    <property name="user.country" value="CO"/>
    <property name="sun.java.launcher" value="SUN_STANDARD"/>
    <property name="test" value="jp.array.ArrayTest"/>
    <property name="java.vm.specification.name" value="Java Virtual Machine Specification"/>
    <property name="user.dir" value="E:\Collection_2_5M"/>
    <property name="java.vm.compressedOopsMode" value="Zero based"/>
    <property name="java.runtime.version" value="20.0.1+9-29"/>
    <property name="os.arch" value="amd64"/>
    <property name="java.io.tmpdir" value="C:\Users\INFORM~1\AppData\Local\Temp\"/>
    <property name="line.separator" value="
"/>
    <property name="java.vm.specification.vendor" value="Oracle Corporation"/>
    <property name="user.variant" value=""/>
    <property name="stderr.encoding" value="Cp1252"/>
    <property name="os.name" value="Windows 10"/>
    <property name="maven.ext.class.path" value="C:\Program Files\NetBeans-17\netbeans\java\maven-nblib\netbeans-eventspy.jar"/>
    <property name="classworlds.conf" value="C:\Program Files\NetBeans-17\netbeans\java\maven\bin\m2.conf"/>
    <property name="sun.jnu.encoding" value="Cp1252"/>
    <property name="stdout.encoding" value="Cp1252"/>
    <property name="java.library.path" value="C:\Program Files\Java\jdk-20\bin;C:\Windows\Sun\Java\bin;C:\Windows\system32;C:\Windows;C:\Program Files\Common Files\Oracle\Java\javapath;C:\Python312\Scripts\;C:\Python312\;C:\Windows\system32;C:\Windows;C:\Windows\System32\Wbem;C:\Windows\System32\WindowsPowerShell\v1.0\;C:\Windows\System32\OpenSSH\;C:\Program Files\dotnet\;C:\Program Files\Microsoft SQL Server\120\Tools\Binn\;C:\Program Files\Common Files\Autodesk Shared\;C:\condor\bin\;C:\Program Files\MATLAB\R2021a\bin;C:\Program Files\nodejs\;C:\ProgramData\chocolatey\bin;;C:\Program Files\Microsoft VS Code\bin;C:\Program Files\Microsoft SQL Server\150\Tools\Binn\;C:\Program Files\Microsoft SQL Server\Client SDK\ODBC\170\Tools\Binn\;C:\Program Files (x86)\Windows Kits\10\Windows Performance Toolkit\;C:\Program Files (x86)\Microsoft SQL Server\160\Tools\Binn\;C:\Program Files\Microsoft SQL Server\160\Tools\Binn\;C:\Program Files\Microsoft SQL Server\160\DTS\Binn\;C:\Program Files (x86)\Microsoft SQL Server\160\DTS\Binn\;C:\Program Files\Azure Data Studio\bin;C:\Users\informatica\AppData\Local\Microsoft\WindowsApps;;."/>
    <property name="maven.conf" value="C:\Program Files\NetBeans-17\netbeans\java\maven/conf"/>
    <property name="jdk.debug" value="release"/>
    <property name="java.class.version" value="64.0"/>
    <property name="java.specification.name" value="Java Platform API Specification"/>
    <property name="sun.management.compiler" value="HotSpot 64-Bit Tiered Compilers"/>
    <property name="os.version" value="10.0"/>
    <property name="library.jansi.path" value="C:\Program Files\NetBeans-17\netbeans\java\maven\lib\jansi-native"/>
    <property name="user.home" value="C:\Users\informatica"/>
    <property name="user.timezone" value="America/Bogota"/>
    <property name="file.encoding" value="UTF-8"/>
    <property name="java.specification.version" value="20"/>
    <property name="user.name" value="informatica"/>
    <property name="java.class.path" value="C:\Program Files\NetBeans-17\netbeans\java\maven\boot\plexus-classworlds-2.6.0.jar"/>
    <property name="java.vm.specification.version" value="20"/>
    <property name="sun.arch.data.model" value="64"/>
    <property name="sun.java.command" value="org.codehaus.plexus.classworlds.launcher.Launcher -Dtest=jp.array.ArrayTest -Dmaven.ext.class.path=C:\Program Files\NetBeans-17\netbeans\java\maven-nblib\netbeans-eventspy.jar --no-transfer-progress surefire:test"/>
    <property name="java.home" value="C:\Program Files\Java\jdk-20"/>
    <property name="user.language" value="es"/>
    <property name="java.specification.vendor" value="Oracle Corporation"/>
    <property name="java.vm.info" value="mixed mode, sharing"/>
    <property name="java.version" value="20.0.1"/>
    <property name="native.encoding" value="Cp1252"/>
    <property name="java.vendor" value="Oracle Corporation"/>
    <property name="maven.home" value="C:\Program Files\NetBeans-17\netbeans\java\maven"/>
    <property name="file.separator" value="\"/>
    <property name="java.version.date" value="2023-04-18"/>
    <property name="java.vendor.url.bug" value="https://bugreport.java.com/bugreport/"/>
    <property name="sun.io.unicode.encoding" value="UnicodeLittle"/>
    <property name="sun.cpu.endian" value="little"/>
    <property name="sun.cpu.isalist" value="amd64"/>
  </properties>
  <testcase classname="jp.array.ArrayTest" name="jp.array.ArrayTest.testReverse" time="0.003"/>
  <testcase classname="jp.array.ArrayTest" name="jp.array.ArrayTest.testAdd" time="0"/>
  <testcase classname="jp.array.ArrayTest" name="jp.array.ArrayTest.testDefragment" time="0"/>
  <testcase classname="jp.array.ArrayTest" name="jp.array.ArrayTest.testRemoveRange" time="0"/>
  <testcase classname="jp.array.ArrayTest" name="jp.array.ArrayTest.testClear" time="0"/>
  <testcase classname="jp.array.ArrayTest" name="jp.array.ArrayTest.testIndexOfMethod" time="0"/>
  <testcase classname="jp.array.ArrayTest" name="jp.array.ArrayTest.testRemoveAtIndex" time="0.001"/>
  <testcase classname="jp.array.ArrayTest" name="jp.array.ArrayTest.testSetValidIndex" time="0"/>
  <testcase classname="jp.array.ArrayTest" name="jp.array.ArrayTest.testAddArray" time="0"/>
  <testcase classname="jp.array.ArrayTest" name="jp.array.ArrayTest.testAddWithIndex" time="0.006">
    <failure message="expected: &lt;4&gt; but was: &lt;3&gt;" type="org.opentest4j.AssertionFailedError">org.opentest4j.AssertionFailedError: expected: &lt;4&gt; but was: &lt;3&gt;
	at org.junit.jupiter.api.AssertionFailureBuilder.build(AssertionFailureBuilder.java:151)
	at org.junit.jupiter.api.AssertionFailureBuilder.buildAndThrow(AssertionFailureBuilder.java:132)
	at org.junit.jupiter.api.AssertEquals.failNotEqual(AssertEquals.java:197)
	at org.junit.jupiter.api.AssertEquals.assertEquals(AssertEquals.java:150)
	at org.junit.jupiter.api.AssertEquals.assertEquals(AssertEquals.java:145)
	at org.junit.jupiter.api.Assertions.assertEquals(Assertions.java:528)
	at jp.array.ArrayTest.testAddWithIndex(ArrayTest.java:50)
</failure>
  </testcase>
  <testcase classname="jp.array.ArrayTest" name="jp.array.ArrayTest.testGetMethod" time="0"/>
  <testcase classname="jp.array.ArrayTest" name="jp.array.ArrayTest.testDimension" time="0"/>
  <testcase classname="jp.array.ArrayTest" name="jp.array.ArrayTest.testIsEmptyWhenNotEmpty" time="0"/>
  <testcase classname="jp.array.ArrayTest" name="jp.array.ArrayTest.testIsEmptyWhenEmpty" time="0"/>
  <testcase classname="jp.array.ArrayTest" name="jp.array.ArrayTest.testRemoveWithPredicate" time="0"/>
  <testcase classname="jp.array.ArrayTest" name="jp.array.ArrayTest.testReverseEmptyArray" time="0"/>
  <testcase classname="jp.array.ArrayTest" name="jp.array.ArrayTest.testLastIndexOfMethod" time="0"/>
  <testcase classname="jp.array.ArrayTest" name="jp.array.ArrayTest.testContainsElement" time="0.001"/>
  <testcase classname="jp.array.ArrayTest" name="jp.array.ArrayTest.testContainsElementArray" time="0"/>
</testsuite>